<?xml version="1.0" encoding="UTF-8"?>
<!-- Generated by org.testng.reporters.JUnitXMLReporter -->
<testsuite ignored="0" hostname="DESKTOP-74HA9UK" failures="0" tests="4" name="Test" time="13.531" errors="0" timestamp="2026-09-17T23:22:23 IST">
  <testcase classname="api.testcases.UserTests2" name="testCreateUser" time="5.058"/>
  <testcase classname="api.testcases.UserTests2" name="testGetUser" time="1.69"/>
  <testcase classname="api.testcases.UserTests2" name="testUpdateUser" time="3.144"/>
  <testcase classname="api.testcases.UserTests2" name="testDeleteUser" time="2.012"/>
</testsuite> <!-- Test -->
