<?xml version="1.0" encoding="UTF-8"?>
<testng-results ignored="0" total="4" passed="4" failed="0" skipped="0">
  <reporter-output>
  </reporter-output>
  <suite started-at="2026-09-17T23:22:09 IST" name="Suite" finished-at="2026-09-17T23:22:23 IST" duration-ms="13531">
    <groups>
    </groups>
    <test started-at="2026-09-17T23:22:09 IST" name="Test" finished-at="2026-09-17T23:22:23 IST" duration-ms="13531">
      <class name="api.testcases.UserTests2">
        <test-method is-config="true" signature="generateTestData()[pri:0, instance:api.testcases.UserTests2@4f6ee6e4]" started-at="2026-09-17T23:22:10 IST" name="generateTestData" finished-at="2026-09-17T23:22:11 IST" duration-ms="1130" status="PASS">
          <reporter-output>
          </reporter-output>
        </test-method> <!-- generateTestData -->
        <test-method signature="testCreateUser()[pri:1, instance:api.testcases.UserTests2@4f6ee6e4]" started-at="2026-09-17T23:22:11 IST" name="testCreateUser" finished-at="2026-09-17T23:22:16 IST" duration-ms="5058" status="PASS">
          <reporter-output>
          </reporter-output>
        </test-method> <!-- testCreateUser -->
        <test-method signature="testGetUser()[pri:2, instance:api.testcases.UserTests2@4f6ee6e4]" started-at="2026-09-17T23:22:16 IST" name="testGetUser" finished-at="2026-09-17T23:22:18 IST" duration-ms="1690" status="PASS">
          <reporter-output>
          </reporter-output>
        </test-method> <!-- testGetUser -->
        <test-method signature="testUpdateUser()[pri:3, instance:api.testcases.UserTests2@4f6ee6e4]" started-at="2026-09-17T23:22:18 IST" name="testUpdateUser" finished-at="2026-09-17T23:22:21 IST" duration-ms="3144" status="PASS">
          <reporter-output>
          </reporter-output>
        </test-method> <!-- testUpdateUser -->
        <test-method signature="testDeleteUser()[pri:4, instance:api.testcases.UserTests2@4f6ee6e4]" started-at="2026-09-17T23:22:21 IST" name="testDeleteUser" finished-at="2026-09-17T23:22:23 IST" duration-ms="2012" status="PASS">
          <reporter-output>
          </reporter-output>
        </test-method> <!-- testDeleteUser -->
      </class> <!-- api.testcases.UserTests2 -->
    </test> <!-- Test -->
  </suite> <!-- Suite -->
</testng-results>
