<?xml version="1.0" encoding="UTF-8"?>
<testsuite xmlns:xsi="http://www.w3.org/2001/XMLSchema-instance" xsi:noNamespaceSchemaLocation="https://maven.apache.org/surefire/maven-surefire-plugin/xsd/surefire-test-report.xsd" version="3.0.1" name="TestSuite" time="14.682" tests="4" errors="0" skipped="0" failures="0">
  <properties>
[...]
</properties>
  <testcase name="testCreateUser" classname="api.testcases.UserTests2" time="5.077">
    <system-out><![CDATA[========== Test Execution Started ==========
Request method:	POST
Request URI:	https://petstore.swagger.io/v2/user
Proxy:			<none>
Request params:	<none>
Query params:	<none>
Form params:	<none>
Path params:	<none>
Headers:		Accept=application/json, application/javascript, text/javascript, text/json
				Content-Type=application/json
Cookies:		<none>
Multiparts:		<none>
Body:
{
    "id": 88397182,
    "username": "clara.rolfson",
    "firstName": "Gregg",
    "lastName": "Prosacco",
    "email": "philomena.hermiston@example.com",
    "password": "1ka1a8u",
    "phone": "(636) 962-7915",
    "userStatus": 0
}
HTTP/1.1 200 OK
Date: Thu, 17 Sep 2026 17:52:14 GMT
Content-Type: application/json
Transfer-Encoding: chunked
Connection: keep-alive
Access-Control-Allow-Origin: *
Access-Control-Allow-Methods: GET, POST, DELETE, PUT
Access-Control-Allow-Headers: Content-Type, api_key, Authorization
Server: Jetty(9.2.9.v20150224)

{
    "code": 200,
    "type": "unknown",
    "message": "88397182"
}
[INFO ] 2026-09-17 23:22:16.464 [main] Test Data Generated - Create User Executed
Name of the test Method Succesfully Extecuted:testCreateUser
]]></system-out>
    <system-err><![CDATA[SLF4J: Failed to load class "org.slf4j.impl.StaticLoggerBinder".
SLF4J: Defaulting to no-operation (NOP) logger implementation
SLF4J: See http://www.slf4j.org/codes.html#StaticLoggerBinder for further details.
]]></system-err>
  </testcase>
  <testcase name="testGetUser" classname="api.testcases.UserTests2" time="1.709">
    <system-out><![CDATA[HTTP/1.1 200 OK
Date: Thu, 17 Sep 2026 17:52:16 GMT
Content-Type: application/json
Transfer-Encoding: chunked
Connection: keep-alive
Access-Control-Allow-Origin: *
Access-Control-Allow-Methods: GET, POST, DELETE, PUT
Access-Control-Allow-Headers: Content-Type, api_key, Authorization
Server: Jetty(9.2.9.v20150224)

{
    "id": 88397182,
    "username": "clara.rolfson",
    "firstName": "Gregg",
    "lastName": "Prosacco",
    "email": "philomena.hermiston@example.com",
    "password": "1ka1a8u",
    "phone": "(636) 962-7915",
    "userStatus": 0
}
[INFO ] 2026-09-17 23:22:18.189 [main] Test Data Generated - Get User Executed
Name of the test Method Succesfully Extecuted:testGetUser
]]></system-out>
  </testcase>
  <testcase name="testUpdateUser" classname="api.testcases.UserTests2" time="3.134">
    <system-out><![CDATA[HTTP/1.1 200 OK
Date: Thu, 17 Sep 2026 17:52:17 GMT
Content-Type: application/json
Transfer-Encoding: chunked
Connection: keep-alive
Access-Control-Allow-Origin: *
Access-Control-Allow-Methods: GET, POST, DELETE, PUT
Access-Control-Allow-Headers: Content-Type, api_key, Authorization
Server: Jetty(9.2.9.v20150224)

{
    "code": 200,
    "type": "unknown",
    "message": "88397182"
}
HTTP/1.1 200 OK
Date: Thu, 17 Sep 2026 17:52:19 GMT
Content-Type: application/json
Transfer-Encoding: chunked
Connection: keep-alive
Access-Control-Allow-Origin: *
Access-Control-Allow-Methods: GET, POST, DELETE, PUT
Access-Control-Allow-Headers: Content-Type, api_key, Authorization
Server: Jetty(9.2.9.v20150224)

{
    "id": 88397182,
    "username": "clara.rolfson",
    "firstName": "Gavin",
    "lastName": "Prosacco",
    "email": "philomena.hermiston@example.com",
    "password": "1ka1a8u",
    "phone": "(636) 962-7915",
    "userStatus": 0
}
[INFO ] 2026-09-17 23:22:21.340 [main] Test Data Generated - Update User Executed
Name of the test Method Succesfully Extecuted:testUpdateUser
]]></system-out>
  </testcase>
  <testcase name="testDeleteUser" classname="api.testcases.UserTests2" time="2.022">
    <system-out><![CDATA[HTTP/1.1 200 OK
Date: Thu, 17 Sep 2026 17:52:21 GMT
Content-Type: application/json
Transfer-Encoding: chunked
Connection: keep-alive
Access-Control-Allow-Origin: *
Access-Control-Allow-Methods: GET, POST, DELETE, PUT
Access-Control-Allow-Headers: Content-Type, api_key, Authorization
Server: Jetty(9.2.9.v20150224)

{
    "code": 200,
    "type": "unknown",
    "message": "clara.rolfson"
}
[INFO ] 2026-09-17 23:22:23.360 [main] Test Data Generated - Delete User Executed
Name of the test Method Succesfully Extecuted:testDeleteUser
]]></system-out>
  </testcase>
</testsuite>