<?xml version="1.0" encoding="UTF-8"?>
<testng-results ignored="0" total="4" passed="4" failed="0" skipped="0">
  <reporter-output>
  </reporter-output>
  <suite started-at="2026-09-17T00:01:27 IST" name="Suite" finished-at="2026-09-17T00:01:38 IST" duration-ms="10936">
    <groups>
    </groups>
    <test started-at="2026-09-17T00:01:27 IST" name="Test" finished-at="2026-09-17T00:01:38 IST" duration-ms="10936">
      <class name="api.testcases.UserTests2">
        <test-method is-config="true" signature="generateTestData()[pri:0, instance:api.testcases.UserTests2@173ed316]" started-at="2026-09-17T00:01:27 IST" name="generateTestData" finished-at="2026-09-17T00:01:28 IST" duration-ms="595" status="PASS">
          <reporter-output>
          </reporter-output>
        </test-method> <!-- generateTestData -->
        <test-method signature="testCreateUser()[pri:1, instance:api.testcases.UserTests2@173ed316]" started-at="2026-09-17T00:01:28 IST" name="testCreateUser" finished-at="2026-09-17T00:01:32 IST" duration-ms="4120" status="PASS">
          <reporter-output>
          </reporter-output>
        </test-method> <!-- testCreateUser -->
        <test-method signature="testGetUser()[pri:2, instance:api.testcases.UserTests2@173ed316]" started-at="2026-09-17T00:01:32 IST" name="testGetUser" finished-at="2026-09-17T00:01:34 IST" duration-ms="1529" status="PASS">
          <reporter-output>
          </reporter-output>
        </test-method> <!-- testGetUser -->
        <test-method signature="testUpdateUser()[pri:3, instance:api.testcases.UserTests2@173ed316]" started-at="2026-09-17T00:01:34 IST" name="testUpdateUser" finished-at="2026-09-17T00:01:36 IST" duration-ms="2886" status="PASS">
          <reporter-output>
          </reporter-output>
        </test-method> <!-- testUpdateUser -->
        <test-method signature="testDeleteUser()[pri:4, instance:api.testcases.UserTests2@173ed316]" started-at="2026-09-17T00:01:36 IST" name="testDeleteUser" finished-at="2026-09-17T00:01:38 IST" duration-ms="1507" status="PASS">
          <reporter-output>
          </reporter-output>
        </test-method> <!-- testDeleteUser -->
      </class> <!-- api.testcases.UserTests2 -->
    </test> <!-- Test -->
  </suite> <!-- Suite -->
</testng-results>
