<?xml version="1.0" encoding="UTF-8"?>
<!-- Generated by org.testng.reporters.JUnitReportReporter -->
<testsuite hostname="DESKTOP-74HA9UK" failures="0" tests="4" name="api.testcases.UserTests2" time="10.042" errors="0" timestamp="2026-09-17T00:01:38 IST" skipped="0">
  <testcase classname="api.testcases.UserTests2" name="testCreateUser" time="4.120"/>
  <testcase classname="api.testcases.UserTests2" name="testGetUser" time="1.529"/>
  <testcase classname="api.testcases.UserTests2" name="testUpdateUser" time="2.886"/>
  <testcase classname="api.testcases.UserTests2" name="testDeleteUser" time="1.507"/>
</testsuite> <!-- api.testcases.UserTests2 -->
