<?xml version="1.0" encoding="UTF-8"?>
<!-- Generated by org.testng.reporters.JUnitReportReporter -->
<testsuite hostname="DESKTOP-74HA9UK" failures="0" tests="12" name="api.testcases.UserTestDD" time="18.404" errors="0" timestamp="2026-09-14T20:40:12 IST" skipped="0">
  <testcase classname="api.testcases.UserTestDD" name="TestCreateUser" time="1.409"/>
  <testcase classname="api.testcases.UserTestDD" name="TestCreateUser" time="1.460"/>
  <testcase classname="api.testcases.UserTestDD" name="TestCreateUser" time="1.269"/>
  <testcase classname="api.testcases.UserTestDD" name="TestCreateUser" time="1.703"/>
  <testcase classname="api.testcases.UserTestDD" name="TestGetUserData" time="1.500"/>
  <testcase classname="api.testcases.UserTestDD" name="TestGetUserData" time="2.769"/>
  <testcase classname="api.testcases.UserTestDD" name="TestGetUserData" time="1.662"/>
  <testcase classname="api.testcases.UserTestDD" name="TestGetUserData" time="1.458"/>
  <testcase classname="api.testcases.UserTestDD" name="TestDeleteUser" time="1.220"/>
  <testcase classname="api.testcases.UserTestDD" name="TestDeleteUser" time="1.256"/>
  <testcase classname="api.testcases.UserTestDD" name="TestDeleteUser" time="1.273"/>
  <testcase classname="api.testcases.UserTestDD" name="TestDeleteUser" time="1.425"/>
</testsuite> <!-- api.testcases.UserTestDD -->
