<?xml version="1.0" encoding="UTF-8"?>
<!-- Generated by org.testng.reporters.JUnitReportReporter -->
<testsuite hostname="DESKTOP-74HA9UK" failures="0" tests="4" name="api.testcases.UserTests2" time="11.904" errors="0" timestamp="2026-09-17T23:22:23 IST" skipped="0">
  <testcase classname="api.testcases.UserTests2" name="testCreateUser" time="5.058"/>
  <testcase classname="api.testcases.UserTests2" name="testGetUser" time="1.690"/>
  <testcase classname="api.testcases.UserTests2" name="testUpdateUser" time="3.144"/>
  <testcase classname="api.testcases.UserTests2" name="testDeleteUser" time="2.012"/>
</testsuite> <!-- api.testcases.UserTests2 -->
